  main.cpp
D:\tinyrendererrender_Class\tinyrendererrender_Class\main.cpp(66,18): warning C4244: “初始化”: 从“int”转换到“float”，可能丢失数据
D:\tinyrendererrender_Class\tinyrendererrender_Class\main.cpp(75,15): warning C4244: “初始化”: 从“float”转换到“int”，可能丢失数据
C:\Program Files\Microsoft Visual Studio\2022\Community\VC\Tools\MSVC\14.43.34808\include\tuple(132,47): warning C4244: “初始化”: 从“_Ty”转换到“_Ty”，可能丢失数据
C:\Program Files\Microsoft Visual Studio\2022\Community\VC\Tools\MSVC\14.43.34808\include\tuple(132,47): warning C4244:         with
C:\Program Files\Microsoft Visual Studio\2022\Community\VC\Tools\MSVC\14.43.34808\include\tuple(132,47): warning C4244:         [
C:\Program Files\Microsoft Visual Studio\2022\Community\VC\Tools\MSVC\14.43.34808\include\tuple(132,47): warning C4244:             _Ty=double
C:\Program Files\Microsoft Visual Studio\2022\Community\VC\Tools\MSVC\14.43.34808\include\tuple(132,47): warning C4244:         ]
C:\Program Files\Microsoft Visual Studio\2022\Community\VC\Tools\MSVC\14.43.34808\include\tuple(132,47): warning C4244:         and
C:\Program Files\Microsoft Visual Studio\2022\Community\VC\Tools\MSVC\14.43.34808\include\tuple(132,47): warning C4244:         [
C:\Program Files\Microsoft Visual Studio\2022\Community\VC\Tools\MSVC\14.43.34808\include\tuple(132,47): warning C4244:             _Ty=int
C:\Program Files\Microsoft Visual Studio\2022\Community\VC\Tools\MSVC\14.43.34808\include\tuple(132,47): warning C4244:         ]
  model.cpp
  (编译源文件“main.cpp”)
      C:\Program Files\Microsoft Visual Studio\2022\Community\VC\Tools\MSVC\14.43.34808\include\tuple(132,47):
      模板实例化上下文(最早的实例化上下文)为
          D:\tinyrendererrender_Class\tinyrendererrender_Class\main.cpp(111,2):
          查看对正在编译的函数 模板 实例化“std::tuple<int,int>::tuple<double,double,0>(_This2 &&,double &&) noexcept”的引用
          with
          [
              _This2=double
          ]
              D:\tinyrendererrender_Class\tinyrendererrender_Class\main.cpp(111,2):
              请参阅 "project" 中对 "std::tuple<int,int>::tuple" 的第一个引用
          C:\Program Files\Microsoft Visual Studio\2022\Community\VC\Tools\MSVC\14.43.34808\include\tuple(349,16):
          查看对正在编译的函数 模板 实例化“std::tuple<int,int>::tuple<std::_Exact_args_t,_Ty,_Ty,0>(_Tag,_This2 &&,_Ty &&)”的引用
          with
          [
              _Ty=double,
              _Tag=std::_Exact_args_t,
              _This2=double
          ]
          C:\Program Files\Microsoft Visual Studio\2022\Community\VC\Tools\MSVC\14.43.34808\include\tuple(301,102):
          查看对正在编译的函数 模板 实例化“std::_Tuple_val<_This>::_Tuple_val<_Ty>(_Other &&)”的引用
          with
          [
              _This=int,
              _Ty=double,
              _Other=double
          ]
  
D:\tinyrendererrender_Class\tinyrendererrender_Class\model.cpp(36,46): warning C4267: “return”: 从“size_t”转换到“int”，可能丢失数据
D:\tinyrendererrender_Class\tinyrendererrender_Class\model.cpp(37,53): warning C4267: “return”: 从“size_t”转换到“int”，可能丢失数据
  tgaimage.cpp
  正在生成代码...
  tinyrendererrender_Class.vcxproj -> D:\tinyrendererrender_Class\x64\Debug\tinyrendererrender_Class.exe
